[0mCompiling "main.js" from ["src"]...
notifying browser that file changed:  out/goog/deps.js
notifying browser that file changed:  out/cljs_deps.js
notifying browser that file changed:  out/hello_seymore/core.js
[32mSuccessfully compiled "main.js" in 0.629 seconds.[0m
[0mCompiling "main.js" from ["src"]...
[31mCompiling "main.js" failed.
[0mANALYSIS ERROR: No such namespace: sablono.core, could not locate sablono/core.cljs, sablono/core.cljc, or Closure namespace "sablono.core" on file null, line null, column null
[32mSuccessfully compiled "main.js" in 1.295 seconds.[0m
[0mCompiling "main.js" from ["src"]...
notifying browser that file changed:  out/goog/deps.js
notifying browser that file changed:  out/cljs_deps.js
notifying browser that file changed:  out/hello_seymore/core.js
[32mSuccessfully compiled "main.js" in 0.561 seconds.[0m
[0mCompiling "main.js" from ["src"]...
notifying browser that file changed:  out/hello_seymore/core.js
[32mSuccessfully compiled "main.js" in 0.432 seconds.[0m
[0mCompiling "main.js" from ["src"]...
notifying browser that file changed:  out/goog/deps.js
notifying browser that file changed:  out/cljs_deps.js
notifying browser that file changed:  out/hello_seymore/core.js
[32mSuccessfully compiled "main.js" in 0.653 seconds.[0m
[0mCompiling "main.js" from ["src"]...
notifying browser that file changed:  out/hello_seymore/core.js
[32mSuccessfully compiled "main.js" in 0.181 seconds.[0m
[0mCompiling "main.js" from ["src"]...
[31mCompiling "main.js" failed.
[0mjava.lang.AssertionError: No ns form found in src/hello_seymore/core.cljs
 at cljs.analyzer$parse_ns$fn__1924.invoke (analyzer.cljc:2731)
    cljs.analyzer$parse_ns.invoke (analyzer.cljc:2682)
    cljs.analyzer$parse_ns.invoke (analyzer.cljc:2673)
    cljs.compiler$find_source.invoke (compiler.cljc:1389)
    clojure.core$map$fn__4553.invoke (core.clj:2624)
    clojure.lang.LazySeq.sval (LazySeq.java:40)
    clojure.lang.LazySeq.seq (LazySeq.java:56)
    clojure.lang.Cons.next (Cons.java:39)
    clojure.lang.RT.next (RT.java:674)
    clojure.core/next (core.clj:64)
    clojure.core$reduce1.invoke (core.clj:909)
    clojure.core$set.invoke (core.clj:3960)
    cljs.closure$add_dependency_sources.invoke (closure.clj:731)
    cljs.closure$build.invoke (closure.clj:1807)
    cljs.build.api$build.invoke (api.clj:207)
    figwheel_sidecar.components.cljs_autobuild$cljs_build.invoke (cljs_autobuild.clj:22)
    figwheel_sidecar.build_middleware.injection$hook$fn__15924.invoke (injection.clj:139)
    figwheel_sidecar.build_middleware.notifications$hook$fn__16251.invoke (notifications.clj:187)
    figwheel_sidecar.build_middleware.clj_reloading$hook$fn__16327.invoke (clj_reloading.clj:115)
    figwheel_sidecar.build_middleware.javascript_reloading$hook$fn__16373.invoke (javascript_reloading.clj:60)
    figwheel_sidecar.components.cljs_autobuild$eval16388$figwheel_start_and_end_messages__16391$fn__16393.invoke (cljs_autobuild.clj:45)
    figwheel_sidecar.components.cljs_autobuild.CLJSAutobuild$fn__16418$fn__16419.invoke (cljs_autobuild.clj:137)
    figwheel_sidecar.utils$sync_exec$fn__1973$fn__1974.invoke (utils.clj:13)
    figwheel_sidecar.utils$sync_exec$fn__1973.invoke (utils.clj:12)
    clojure.core$binding_conveyor_fn$fn__4444.invoke (core.clj:1919)
    clojure.lang.AFn.applyToHelper (AFn.java:154)
    clojure.lang.RestFn.applyTo (RestFn.java:132)
    clojure.lang.Agent$Action.doRun (Agent.java:114)
    clojure.lang.Agent$Action.run (Agent.java:163)
    java.util.concurrent.ThreadPoolExecutor.runWorker (ThreadPoolExecutor.java:1142)
[32mSuccessfully compiled "main.js" in 0.084 seconds.[0m
[0mCompiling "main.js" from ["src"]...
notifying browser that file changed:  out/hello_seymore/core.js
[32mSuccessfully compiled "main.js" in 0.725 seconds.[0m
[0mCompiling "main.js" from ["src"]...
notifying browser that file changed:  out/hello_seymore/core.js
[32mSuccessfully compiled "main.js" in 0.206 seconds.[0m
[0mCompiling "main.js" from ["src"]...
notifying browser that file changed:  out/hello_seymore/core.js
[32mSuccessfully compiled "main.js" in 0.472 seconds.[0m
[0mCompiling "main.js" from ["src"]...
notifying browser that file changed:  out/hello_seymore/core.js
[32mSuccessfully compiled "main.js" in 0.258 seconds.[0m
[0mCompiling "main.js" from ["src"]...
notifying browser that file changed:  out/hello_seymore/core.js
[32mSuccessfully compiled "main.js" in 0.336 seconds.[0m
[0mCompiling "main.js" from ["src"]...
[31mCompiling "main.js" failed.
[0mjava.lang.AssertionError: No ns form found in src/hello_seymore/components.cljs
 at cljs.analyzer$parse_ns$fn__1924.invoke (analyzer.cljc:2731)
    cljs.analyzer$parse_ns.invoke (analyzer.cljc:2682)
    cljs.analyzer$parse_ns.invoke (analyzer.cljc:2673)
    cljs.compiler$find_source.invoke (compiler.cljc:1389)
    clojure.core$map$fn__4553.invoke (core.clj:2624)
    clojure.lang.LazySeq.sval (LazySeq.java:40)
    clojure.lang.LazySeq.seq (LazySeq.java:56)
    clojure.lang.Cons.next (Cons.java:39)
    clojure.lang.RT.next (RT.java:674)
    clojure.core/next (core.clj:64)
    clojure.core$reduce1.invoke (core.clj:909)
    clojure.core$set.invoke (core.clj:3960)
    cljs.closure$add_dependency_sources.invoke (closure.clj:731)
    cljs.closure$build.invoke (closure.clj:1807)
    cljs.build.api$build.invoke (api.clj:207)
    figwheel_sidecar.components.cljs_autobuild$cljs_build.invoke (cljs_autobuild.clj:22)
    figwheel_sidecar.build_middleware.injection$hook$fn__15924.invoke (injection.clj:139)
    figwheel_sidecar.build_middleware.notifications$hook$fn__16251.invoke (notifications.clj:187)
    figwheel_sidecar.build_middleware.clj_reloading$hook$fn__16327.invoke (clj_reloading.clj:115)
    figwheel_sidecar.build_middleware.javascript_reloading$hook$fn__16373.invoke (javascript_reloading.clj:60)
    figwheel_sidecar.components.cljs_autobuild$eval16388$figwheel_start_and_end_messages__16391$fn__16393.invoke (cljs_autobuild.clj:45)
    figwheel_sidecar.components.cljs_autobuild.CLJSAutobuild$fn__16418$fn__16419.invoke (cljs_autobuild.clj:137)
    figwheel_sidecar.utils$sync_exec$fn__1973$fn__1974.invoke (utils.clj:13)
    figwheel_sidecar.utils$sync_exec$fn__1973.invoke (utils.clj:12)
    clojure.core$binding_conveyor_fn$fn__4444.invoke (core.clj:1919)
    clojure.lang.AFn.applyToHelper (AFn.java:154)
    clojure.lang.RestFn.applyTo (RestFn.java:132)
    clojure.lang.Agent$Action.doRun (Agent.java:114)
    clojure.lang.Agent$Action.run (Agent.java:163)
    java.util.concurrent.ThreadPoolExecutor.runWorker (ThreadPoolExecutor.java:1142)
[32mSuccessfully compiled "main.js" in 0.075 seconds.[0m
[0mCompiling "main.js" from ["src"]...
[31mCompiling "main.js" failed.
[0mjava.lang.AssertionError: No ns form found in src/hello_seymore/components.cljs
 at cljs.analyzer$parse_ns$fn__1924.invoke (analyzer.cljc:2731)
    cljs.analyzer$parse_ns.invoke (analyzer.cljc:2682)
    cljs.analyzer$parse_ns.invoke (analyzer.cljc:2673)
    cljs.compiler$find_source.invoke (compiler.cljc:1389)
    clojure.core$map$fn__4553.invoke (core.clj:2624)
    clojure.lang.LazySeq.sval (LazySeq.java:40)
    clojure.lang.LazySeq.seq (LazySeq.java:56)
    clojure.lang.Cons.next (Cons.java:39)
    clojure.lang.RT.next (RT.java:674)
    clojure.core/next (core.clj:64)
    clojure.core$reduce1.invoke (core.clj:909)
    clojure.core$set.invoke (core.clj:3960)
    cljs.closure$add_dependency_sources.invoke (closure.clj:731)
    cljs.closure$build.invoke (closure.clj:1807)
    cljs.build.api$build.invoke (api.clj:207)
    figwheel_sidecar.components.cljs_autobuild$cljs_build.invoke (cljs_autobuild.clj:22)
    figwheel_sidecar.build_middleware.injection$hook$fn__15924.invoke (injection.clj:139)
    figwheel_sidecar.build_middleware.notifications$hook$fn__16251.invoke (notifications.clj:187)
    figwheel_sidecar.build_middleware.clj_reloading$hook$fn__16327.invoke (clj_reloading.clj:115)
    figwheel_sidecar.build_middleware.javascript_reloading$hook$fn__16373.invoke (javascript_reloading.clj:60)
    figwheel_sidecar.components.cljs_autobuild$eval16388$figwheel_start_and_end_messages__16391$fn__16393.invoke (cljs_autobuild.clj:45)
    figwheel_sidecar.components.cljs_autobuild.CLJSAutobuild$fn__16418$fn__16419.invoke (cljs_autobuild.clj:137)
    figwheel_sidecar.utils$sync_exec$fn__1973$fn__1974.invoke (utils.clj:13)
    figwheel_sidecar.utils$sync_exec$fn__1973.invoke (utils.clj:12)
    clojure.core$binding_conveyor_fn$fn__4444.invoke (core.clj:1919)
    clojure.lang.AFn.applyToHelper (AFn.java:154)
    clojure.lang.RestFn.applyTo (RestFn.java:132)
    clojure.lang.Agent$Action.doRun (Agent.java:114)
    clojure.lang.Agent$Action.run (Agent.java:163)
    java.util.concurrent.ThreadPoolExecutor.runWorker (ThreadPoolExecutor.java:1142)
[32mSuccessfully compiled "main.js" in 0.049 seconds.[0m
[0mCompiling "main.js" from ["src"]...
[31mCompiling "main.js" failed.
[0mjava.lang.AssertionError: No ns form found in src/hello_seymore/components.cljs
 at cljs.analyzer$parse_ns$fn__1924.invoke (analyzer.cljc:2731)
    cljs.analyzer$parse_ns.invoke (analyzer.cljc:2682)
    cljs.analyzer$parse_ns.invoke (analyzer.cljc:2673)
    cljs.compiler$find_source.invoke (compiler.cljc:1389)
    clojure.core$map$fn__4553.invoke (core.clj:2624)
    clojure.lang.LazySeq.sval (LazySeq.java:40)
    clojure.lang.LazySeq.seq (LazySeq.java:56)
    clojure.lang.Cons.next (Cons.java:39)
    clojure.lang.RT.next (RT.java:674)
    clojure.core/next (core.clj:64)
    clojure.core$reduce1.invoke (core.clj:909)
    clojure.core$set.invoke (core.clj:3960)
    cljs.closure$add_dependency_sources.invoke (closure.clj:731)
    cljs.closure$build.invoke (closure.clj:1807)
    cljs.build.api$build.invoke (api.clj:207)
    figwheel_sidecar.components.cljs_autobuild$cljs_build.invoke (cljs_autobuild.clj:22)
    figwheel_sidecar.build_middleware.injection$hook$fn__15924.invoke (injection.clj:139)
    figwheel_sidecar.build_middleware.notifications$hook$fn__16251.invoke (notifications.clj:187)
    figwheel_sidecar.build_middleware.clj_reloading$hook$fn__16327.invoke (clj_reloading.clj:115)
    figwheel_sidecar.build_middleware.javascript_reloading$hook$fn__16373.invoke (javascript_reloading.clj:60)
    figwheel_sidecar.components.cljs_autobuild$eval16388$figwheel_start_and_end_messages__16391$fn__16393.invoke (cljs_autobuild.clj:45)
    figwheel_sidecar.components.cljs_autobuild.CLJSAutobuild$fn__16418$fn__16419.invoke (cljs_autobuild.clj:137)
    figwheel_sidecar.utils$sync_exec$fn__1973$fn__1974.invoke (utils.clj:13)
    figwheel_sidecar.utils$sync_exec$fn__1973.invoke (utils.clj:12)
    clojure.core$binding_conveyor_fn$fn__4444.invoke (core.clj:1919)
    clojure.lang.AFn.applyToHelper (AFn.java:154)
    clojure.lang.RestFn.applyTo (RestFn.java:132)
    clojure.lang.Agent$Action.doRun (Agent.java:114)
    clojure.lang.Agent$Action.run (Agent.java:163)
    java.util.concurrent.ThreadPoolExecutor.runWorker (ThreadPoolExecutor.java:1142)
[32mSuccessfully compiled "main.js" in 0.041 seconds.[0m
[0mCompiling "main.js" from ["src"]...
notifying browser that file changed:  out/cljs_deps.js
notifying browser that file changed:  out/hello_seymore/components.js
[32mSuccessfully compiled "main.js" in 0.555 seconds.[0m
[0mCompiling "main.js" from ["src"]...
[31mCompiling "main.js" failed.
[0mjava.lang.AssertionError: No ns form found in src/hello_seymore/components.cljs
 at cljs.analyzer$parse_ns$fn__1924.invoke (analyzer.cljc:2731)
    cljs.analyzer$parse_ns.invoke (analyzer.cljc:2682)
    cljs.analyzer$parse_ns.invoke (analyzer.cljc:2673)
    cljs.compiler$find_source.invoke (compiler.cljc:1389)
    clojure.core$map$fn__4553.invoke (core.clj:2624)
    clojure.lang.LazySeq.sval (LazySeq.java:40)
    clojure.lang.LazySeq.seq (LazySeq.java:56)
    clojure.lang.Cons.next (Cons.java:39)
    clojure.lang.RT.next (RT.java:674)
    clojure.core/next (core.clj:64)
    clojure.core$reduce1.invoke (core.clj:909)
    clojure.core$set.invoke (core.clj:3960)
    cljs.closure$add_dependency_sources.invoke (closure.clj:731)
    cljs.closure$build.invoke (closure.clj:1807)
    cljs.build.api$build.invoke (api.clj:207)
    figwheel_sidecar.components.cljs_autobuild$cljs_build.invoke (cljs_autobuild.clj:22)
    figwheel_sidecar.build_middleware.injection$hook$fn__15924.invoke (injection.clj:139)
    figwheel_sidecar.build_middleware.notifications$hook$fn__16251.invoke (notifications.clj:187)
    figwheel_sidecar.build_middleware.clj_reloading$hook$fn__16327.invoke (clj_reloading.clj:115)
    figwheel_sidecar.build_middleware.javascript_reloading$hook$fn__16373.invoke (javascript_reloading.clj:60)
    figwheel_sidecar.components.cljs_autobuild$eval16388$figwheel_start_and_end_messages__16391$fn__16393.invoke (cljs_autobuild.clj:45)
    figwheel_sidecar.components.cljs_autobuild.CLJSAutobuild$fn__16418$fn__16419.invoke (cljs_autobuild.clj:137)
    figwheel_sidecar.utils$sync_exec$fn__1973$fn__1974.invoke (utils.clj:13)
    figwheel_sidecar.utils$sync_exec$fn__1973.invoke (utils.clj:12)
    clojure.core$binding_conveyor_fn$fn__4444.invoke (core.clj:1919)
    clojure.lang.AFn.applyToHelper (AFn.java:154)
    clojure.lang.RestFn.applyTo (RestFn.java:132)
    clojure.lang.Agent$Action.doRun (Agent.java:114)
    clojure.lang.Agent$Action.run (Agent.java:163)
    java.util.concurrent.ThreadPoolExecutor.runWorker (ThreadPoolExecutor.java:1142)
[32mSuccessfully compiled "main.js" in 0.046 seconds.[0m
[0mCompiling "main.js" from ["src"]...
notifying browser that file changed:  out/hello_seymore/components.js
[32mSuccessfully compiled "main.js" in 0.426 seconds.[0m
[0mCompiling "main.js" from ["src"]...
notifying browser that file changed:  out/hello_seymore/components.js
[32mSuccessfully compiled "main.js" in 0.549 seconds.[0m
[0mCompiling "main.js" from ["src"]...
notifying browser that file changed:  out/hello_seymore/components.js
[32mSuccessfully compiled "main.js" in 0.35 seconds.[0m
[0mCompiling "main.js" from ["src"]...
[32mSuccessfully compiled "main.js" in 0.528 seconds.[0m
[0mCompiling "main.js" from ["src"]...
[32mSuccessfully compiled "main.js" in 0.458 seconds.[0m
[0mCompiling "main.js" from ["src"]...
[32mSuccessfully compiled "main.js" in 0.469 seconds.[0m
sending changed CSS file: css/style.css
sending changed CSS file: css/style.css
sending changed CSS file: css/style.css
sending changed CSS file: css/style.css
sending changed CSS file: css/style.css
sending changed CSS file: css/style.css
sending changed CSS file: resources/public/css/style.css
sending changed CSS file: resources/public/css/style.css
